<?xml version="1.0" encoding="UTF-8"?>
<!-- Generated by org.testng.reporters.JUnitXMLReporter -->
<testsuite hostname="DESKTOP-J8ILNTE" ignored="0" name="Default test" tests="6" failures="0" timestamp="2021-04-22T23:06:25 CEST" time="6.366" errors="0">
  <testcase name="readjasonBin" time="0.414" classname="com.org.testapi.TestApiGetUsingQueryParams"/>
  <testcase name="AupdatejasonBin" time="0.676" classname="com.org.testapi.TestApiGetUsingQueryParams"/>
  <testcase name="changeprivacyBin" time="0.661" classname="com.org.testapi.TestApiGetUsingQueryParams"/>
  <testcase name="versionscountBin" time="0.677" classname="com.org.testapi.TestApiGetUsingQueryParams"/>
  <testcase name="deletejasonBin" time="0.672" classname="com.org.testapi.TestApiGetUsingQueryParams"/>
  <testcase name="delversionsBin" time="0.622" classname="com.org.testapi.TestApiGetUsingQueryParams"/>
</testsuite> <!-- Default test -->
